ARM GAS  main.s 			page 1


   1              	.text
   2 0000 010000EA 		b start
   3 0004 050A0F14 		arr: .byte 5, 10, 15, 20, 25, 30
   3      191E
   4 000a 0000     		eoa: .align
   5              		
   6              		start: 
   7 000c 08009FE5 		ldr r0, =arr
   8 0010 08109FE5 		ldr r1, =eoa
   9 0014 FEFFFFEB 		bl sum
  10              		
  11 0018 FEFFFFEA 		stop: b stop
  11      04000000 
  11      0A000000 
ARM GAS  main.s 			page 2


DEFINED SYMBOLS
              main.s:6      .text:0000000c start
              main.s:2      .text:00000000 $a
              main.s:3      .text:00000004 arr
              main.s:3      .text:00000004 $d
              main.s:4      .text:0000000a eoa
              main.s:11     .text:00000018 stop
              main.s:11     .text:0000001c $d
              main.s:4      .text:0000000a $d
              main.s:4      .text:0000000c $a

UNDEFINED SYMBOLS
sum
