     1                                  SECTION .data
     2 00000000 456E74657220612073-         input_message: DB 'Enter a string: ', 10
     2 00000009 7472696E673A200A   
     3                                      output_message: EQU $-input_message
     4                                  
     5                                  SECTION .bss
     6 00000000 <res 50h>                   buffer: RESB 80
     7 00000050 ????????                    buffer_length: RESD 1
     8                                  
     9                                  SECTION .text
    10                                      GLOBAL _start
    11                                  
    12                                  _start:
    13                                      ; Print the input message
    14 00000000 B804000000                  mov eax, 4
    15 00000005 BB01000000                  mov ebx, 1
    16 0000000A B9[00000000]                mov ecx, input_message
    17 0000000F BA11000000                  mov edx, output_message
    18 00000014 CD80                        int 0x80
    19                                  
    20                                      ; Read the input string
    21 00000016 B803000000                  mov eax, 3
    22 0000001B BB00000000                  mov ebx, 0
    23 00000020 B9[00000000]                mov ecx, buffer
    24 00000025 BA[50000000]                mov edx, buffer_length
    25 0000002A CD80                        int 0x80
    26 0000002C A3[50000000]                mov DWORD [buffer_length], eax
    27                                      
    28                                      ; Print the output message
    29 00000031 B804000000                  mov eax, 4
    30 00000036 BB01000000                  mov ebx, 1
    31 0000003B B9[00000000]                mov ecx, buffer
    32 00000040 8B15[50000000]              mov edx, DWORD [buffer_length]
    33 00000046 CD80                        int 0x80
    34                                  
    35                                      ; Exit the program
    36 00000048 B801000000                  mov eax, 1
    37 0000004D 31DB                        xor ebx, ebx
    38 0000004F CD80                        int 0x80
