ARM GAS  main.s 			page 1


   1              	
   2              	.text
   3 0000 0E0000EA 	b start
   4              	
   5 0004 0A486173 	msg_hello:	.ascii	"\nHas the afternoon passed?\n"
   5      20746865 
   5      20616674 
   5      65726E6F 
   5      6F6E2070 
   6 001f 00       				.align
   7              	
   8 0020 476F6F64 	msg_yes:	.ascii "Good morning!"
   8      206D6F72 
   8      6E696E67 
   8      21
   9 002d 000000   				.align
  10              	
  11 0030 476F6F64 	msg_no:		.ascii "Good afternoon!"
  11      20616674 
  11      65726E6F 
  11      6F6E21
  12 003f 00       				.align
  13              	
  14              	
  15              	start:
  16 0040 54009FE5 		ldr r0, =0x40100000
  17 0044 54209FE5 		ldr r2, =msg_hello
  18              	
  19              	//input from keyboard
  20              	input:
  21 0048 0130D2E4 		ldrb r3, [r2], #1
  22 004c 000053E3 	 	cmp r3, #0
  23 0050 0030C0E5 		strb r3, [r0]
  24 0054 FBFFFF1A 		bne input
  25              	
  26              	// check if our input == Y && N
  27              	check_symbol:
  28 0058 0010D0E5 		ldrb r1, [r0]
  29 005c 0120A0E1 		mov r2, r1
  30 0060 590052E3 		cmp r2, #89
  31 0064 0200000A 		beq picked_day
  32              		
  33 0068 4E0052E3 		cmp r2, #78
  34 006c 0200000A 		beq picked_morning
  35              	
  36 0070 F8FFFFEA 		b check_symbol
  37              	
  38              	//result when input = 'N'
  39              	picked_day:
  40 0074 28209FE5 		ldr r2, =msg_no
  41 0078 0100000A 		beq result_loop
  42              	
  43              	//result when input = 'Y'
  44              	picked_morning:
  45 007c 24209FE5 		ldr r2, =msg_yes
  46 0080 FFFFFF0A 		beq result_loop
  47              	
ARM GAS  main.s 			page 2


  48              	//output picked day or morning
  49              	result_loop:
  50 0084 0130D2E4 		ldrb r3, [r2], #1
  51 0088 000053E3 	 	cmp r3, #0
  52 008c 0030C0E5 		strb r3, [r0]
  53 0090 FBFFFF1A 		bne result_loop
  54 0094 FFFFFFEA 		b stop
  55              	
  56 0098 FEFFFFEA 	stop: b stop
  57              	
  58 009c 00001040 	
  58      04000000 
  58      30000000 
  58      20000000 
ARM GAS  main.s 			page 3


DEFINED SYMBOLS
              main.s:15     .text:00000040 start
              main.s:3      .text:00000000 $a
              main.s:5      .text:00000004 msg_hello
              main.s:5      .text:00000004 $d
              main.s:8      .text:00000020 msg_yes
              main.s:8      .text:00000020 $d
              main.s:11     .text:00000030 msg_no
              main.s:11     .text:00000030 $d
              main.s:20     .text:00000048 input
              main.s:27     .text:00000058 check_symbol
              main.s:39     .text:00000074 picked_day
              main.s:44     .text:0000007c picked_morning
              main.s:49     .text:00000084 result_loop
              main.s:56     .text:00000098 stop
              main.s:58     .text:0000009c $d
              main.s:6      .text:0000001f $d
              main.s:9      .text:0000002d $d
              main.s:12     .text:0000003f $d
              main.s:12     .text:00000040 $a

NO UNDEFINED SYMBOLS
